<?xml version="1.0" encoding="UTF-8"?>
<robot generator="Robot 7.2 (Python 3.13.1 on win32)" generated="2025-01-20T16:44:57.163773" rpa="false" schemaversion="5">
<suite id="s1" name="Robot-Framework-Init" source="C:\Users\Administrateur\Desktop\robot-framework-init">
<suite id="s1-s1" name="Tests" source="C:\Users\Administrateur\Desktop\robot-framework-init\tests">
<suite id="s1-s1-s1" name="Test Demoqa" source="C:\Users\Administrateur\Desktop\robot-framework-init\tests\test_demoqa.robot">
<test id="s1-s1-s1-t1" name="Scenario: Test the alerts page" line="37">
<kw name="Given I Am On The Alerts, Frame &amp; Windows Page" owner="keywords_demoqa">
<kw name="Open Website Homepage" owner="keywords_common">
<kw name="Open Browser" owner="SeleniumLibrary">
<msg time="2025-01-20T16:44:57.706922" level="INFO">Opening browser 'chrome' to base url 'https://demoqa.com/alerts'.</msg>
<arg>${url}</arg>
<arg>${BROWSER}</arg>
<doc>Opens a new browser instance to the optional ``url``.</doc>
<status status="PASS" start="2025-01-20T16:44:57.706430" elapsed="1.919505"/>
</kw>
<kw name="Maximize Browser Window" owner="SeleniumLibrary">
<doc>Maximizes current browser window.</doc>
<status status="PASS" start="2025-01-20T16:44:59.626189" elapsed="0.036131"/>
</kw>
<kw name="Wait Until Page Contains Element" owner="SeleniumLibrary">
<arg>css=body</arg>
<doc>Waits until the element ``locator`` appears on the current page.</doc>
<status status="PASS" start="2025-01-20T16:44:59.663107" elapsed="0.011955"/>
</kw>
<kw name="Wait Until Page Contains" owner="SeleniumLibrary">
<arg>text=${site_name}</arg>
<doc>Waits until ``text`` appears on the current page.</doc>
<status status="PASS" start="2025-01-20T16:44:59.675259" elapsed="0.009207"/>
</kw>
<arg>${DMQ_URL}[alt]</arg>
<arg>${PAGE_NAME}[dp]</arg>
<doc>Open the website homepage.</doc>
<status status="PASS" start="2025-01-20T16:44:57.705584" elapsed="1.979179"/>
</kw>
<kw name="Verify The Page Is Correct" owner="keywords_demoqa">
<kw name="Wait Until Page Contains" owner="SeleniumLibrary">
<arg>${page_name}</arg>
<doc>Waits until ``text`` appears on the current page.</doc>
<status status="PASS" start="2025-01-20T16:44:59.685445" elapsed="0.008629"/>
</kw>
<kw name="Wait Until Page Contains Element" owner="SeleniumLibrary">
<arg>${spe_loc}</arg>
<doc>Waits until the element ``locator`` appears on the current page.</doc>
<status status="PASS" start="2025-01-20T16:44:59.694277" elapsed="0.009868"/>
</kw>
<arg>${PAGE_NAME}[alt]</arg>
<arg>spe_loc=${SPE_LOC}[alt]</arg>
<doc>Verify the page is correct.</doc>
<status status="PASS" start="2025-01-20T16:44:59.684996" elapsed="0.019308"/>
</kw>
<doc>Open the Alerts, Frame &amp; Windows page.</doc>
<status status="PASS" start="2025-01-20T16:44:57.703353" elapsed="2.001040"/>
</kw>
<doc>This test verifies the user can interact with the Alerts page</doc>
<status status="PASS" start="2025-01-20T16:44:57.702353" elapsed="2.003591"/>
</test>
<doc>Test cases for DemoQA</doc>
<status status="PASS" start="2025-01-20T16:44:57.187886" elapsed="2.519005"/>
</suite>
<status status="PASS" start="2025-01-20T16:44:57.185984" elapsed="2.522478"/>
</suite>
<status status="PASS" start="2025-01-20T16:44:57.167756" elapsed="2.541586"/>
</suite>
<statistics>
<total>
<stat pass="1" fail="0" skip="0">All Tests</stat>
</total>
<tag>
</tag>
<suite>
<stat name="Robot-Framework-Init" id="s1" pass="1" fail="0" skip="0">Robot-Framework-Init</stat>
<stat name="Tests" id="s1-s1" pass="1" fail="0" skip="0">Robot-Framework-Init.Tests</stat>
<stat name="Test Demoqa" id="s1-s1-s1" pass="1" fail="0" skip="0">Robot-Framework-Init.Tests.Test Demoqa</stat>
</suite>
</statistics>
<errors>
<msg time="2025-01-20T16:44:57.681837" level="ERROR">Error in file 'C:\Users\Administrateur\Desktop\robot-framework-init\resources\libraries.resource' on line 8: Importing library 'Random' failed: ModuleNotFoundError: No module named 'Random'
Traceback (most recent call last):
  None
PYTHONPATH:
  C:\Users\Administrateur\Desktop\robot-framework-init\lib
  C:\Users\Administrateur\Desktop\robot-framework-init\resources
  c:\Users\Administrateur\.vscode\extensions\d-biehl.robotcode-0.106.1\bundled\libs
  c:\Users\Administrateur\.vscode\extensions\d-biehl.robotcode-0.106.1\bundled\tool\robotcode
  C:\Users\Administrateur\AppData\Local\Programs\Python\Python313\python313.zip
  C:\Users\Administrateur\AppData\Local\Programs\Python\Python313\DLLs
  C:\Users\Administrateur\AppData\Local\Programs\Python\Python313\Lib
  C:\Users\Administrateur\AppData\Local\Programs\Python\Python313
  C:\Users\Administrateur\AppData\Local\Programs\Python\Python313\Lib\site-packages</msg>
</errors>
</robot>
